<?xml version="1.0" encoding="UTF-8"?>
<!-- Generated by org.testng.reporters.JUnitReportReporter -->
<testsuite hostname="compy-386" name="org.gdejohn.similitude.TypeTokenTest" tests="15" failures="0" timestamp="2 May 2012 22:24:34 GMT" time="0.077" errors="0">
  <testcase name="inheritedFields" time="0.003" classname="org.gdejohn.similitude.TypeTokenTest"/>
  <testcase name="wildcardType" time="0.003" classname="org.gdejohn.similitude.TypeTokenTest"/>
  <testcase name="parameterizedType" time="0.004" classname="org.gdejohn.similitude.TypeTokenTest"/>
  <testcase name="genericArrayType" time="0.023" classname="org.gdejohn.similitude.TypeTokenTest"/>
  <testcase name="nonGenericSuperType" time="0.002" classname="org.gdejohn.similitude.TypeTokenTest"/>
  <testcase name="genericEnclosingType" time="0.005" classname="org.gdejohn.similitude.TypeTokenTest"/>
  <testcase name="instanceOfTopLevelGenericType" time="0.006" classname="org.gdejohn.similitude.TypeTokenTest"/>
  <testcase name="genericSuperType" time="0.017" classname="org.gdejohn.similitude.TypeTokenTest"/>
  <testcase name="nonGenericType" time="0.001" classname="org.gdejohn.similitude.TypeTokenTest"/>
  <testcase name="nonGenericObject" time="0.001" classname="org.gdejohn.similitude.TypeTokenTest"/>
  <testcase name="nonGenericEquality" time="0.001" classname="org.gdejohn.similitude.TypeTokenTest"/>
  <testcase name="superTypeToken" time="0.002" classname="org.gdejohn.similitude.TypeTokenTest"/>
  <testcase name="genericMethodReturnType" time="0.006" classname="org.gdejohn.similitude.TypeTokenTest"/>
  <testcase name="privateConstructor" time="0.002" classname="org.gdejohn.similitude.TypeTokenTest"/>
  <testcase name="nonGenericTypeToString" time="0.001" classname="org.gdejohn.similitude.TypeTokenTest"/>
</testsuite> <!-- org.gdejohn.similitude.TypeTokenTest -->
