<?xml version="1.0" encoding="UTF-8"?>
<!-- Generated by org.testng.reporters.JUnitReportReporter -->
<testsuite hostname="compy-386" name="org.gdejohn.similitude.ClonerTest" tests="7" failures="0" timestamp="7 May 2012 23:09:14 GMT" time="0.097" errors="0">
  <testcase name="enumType" time="0.002" classname="org.gdejohn.similitude.ClonerTest"/>
  <testcase name="primitiveArray" time="0.002" classname="org.gdejohn.similitude.ClonerTest"/>
  <testcase name="selfReferentialArray" time="0.002" classname="org.gdejohn.similitude.ClonerTest"/>
  <testcase name="baseCases" time="0.063" classname="org.gdejohn.similitude.ClonerTest"/>
  <testcase name="stringBuilder" time="0.006" classname="org.gdejohn.similitude.ClonerTest"/>
  <testcase name="covariantArrays" time="0.019" classname="org.gdejohn.similitude.ClonerTest"/>
  <testcase name="multidimensionalArray" time="0.003" classname="org.gdejohn.similitude.ClonerTest"/>
</testsuite> <!-- org.gdejohn.similitude.ClonerTest -->
