<?xml version="1.0" encoding="UTF-8"?>
<!-- Generated by org.testng.reporters.JUnitReportReporter -->
<testsuite hostname="compy-386" name="org.gdejohn.similitude.TypeTokenTest" tests="2" failures="0" timestamp="24 Apr 2012 23:38:36 GMT" time="0.034" errors="0">
  <testcase name="testNonGenericType" time="0.021" classname="org.gdejohn.similitude.TypeTokenTest"/>
  <testcase name="testNonGenericTypeToString" time="0.013" classname="org.gdejohn.similitude.TypeTokenTest"/>
</testsuite> <!-- org.gdejohn.similitude.TypeTokenTest -->
