<?xml version="1.0" encoding="UTF-8"?>
<!-- Generated by org.testng.reporters.JUnitReportReporter -->
<testsuite hostname="compy-386" name="org.gdejohn.similitude.BuilderTest" tests="4" failures="0" timestamp="19 May 2012 21:33:52 GMT" time="0.033" errors="0">
  <testcase name="enumType" time="0.002" classname="org.gdejohn.similitude.BuilderTest"/>
  <testcase name="basicTypes" time="0.002" classname="org.gdejohn.similitude.BuilderTest"/>
  <testcase name="array" time="0.010" classname="org.gdejohn.similitude.BuilderTest"/>
  <testcase name="testInterface" time="0.019" classname="org.gdejohn.similitude.BuilderTest"/>
</testsuite> <!-- org.gdejohn.similitude.BuilderTest -->
