<?xml version="1.0" encoding="UTF-8"?>
<!-- Generated by org.testng.reporters.JUnitReportReporter -->
<testsuite hostname="compy-386" name="org.gdejohn.similitude.TypeTokenTest" tests="8" failures="0" timestamp="27 Apr 2012 23:37:08 GMT" time="0.063" errors="0">
  <testcase name="nonGenericObject" time="0.002" classname="org.gdejohn.similitude.TypeTokenTest"/>
  <testcase name="nonGenericType" time="0.001" classname="org.gdejohn.similitude.TypeTokenTest"/>
  <testcase name="instanceOfTopLevelGenericType" time="0.012" classname="org.gdejohn.similitude.TypeTokenTest"/>
  <testcase name="inheritedFields" time="0.024" classname="org.gdejohn.similitude.TypeTokenTest"/>
  <testcase name="privateConstructor" time="0.002" classname="org.gdejohn.similitude.TypeTokenTest"/>
  <testcase name="nonGenericEquality" time="0.003" classname="org.gdejohn.similitude.TypeTokenTest"/>
  <testcase name="nonGenericTypeToString" time="0.001" classname="org.gdejohn.similitude.TypeTokenTest"/>
  <testcase name="parameterizedType" time="0.018" classname="org.gdejohn.similitude.TypeTokenTest"/>
</testsuite> <!-- org.gdejohn.similitude.TypeTokenTest -->
