<?xml version="1.0" encoding="UTF-8"?>
<!-- Generated by org.testng.reporters.JUnitReportReporter -->
<testsuite hostname="compy-386" name="org.gdejohn.similitude.BuilderTest" tests="4" failures="0" timestamp="10 Jun 2012 21:28:16 GMT" time="0.023" errors="0">
  <testcase name="basicTypes" time="0.001" classname="org.gdejohn.similitude.BuilderTest"/>
  <testcase name="enumType" time="0.002" classname="org.gdejohn.similitude.BuilderTest"/>
  <testcase name="testInterface" time="0.009" classname="org.gdejohn.similitude.BuilderTest"/>
  <testcase name="array" time="0.011" classname="org.gdejohn.similitude.BuilderTest"/>
</testsuite> <!-- org.gdejohn.similitude.BuilderTest -->
