<?xml version="1.0" encoding="UTF-8"?>
<!-- Generated by org.testng.reporters.JUnitReportReporter -->
<testsuite hostname="compy-386" name="org.gdejohn.similitude.ClonerTest" tests="43" failures="5" timestamp="3 May 2012 07:35:56 GMT" time="0.304" errors="4">
  <testcase name="testInterface" time="0.001" classname="org.gdejohn.similitude.ClonerTest">
    <failure type="java.lang.RuntimeException" message="Type argument couldn&#039;t be determined.">
      <![CDATA[java.lang.RuntimeException: Type argument couldn't be determined.
	at org.gdejohn.similitude.TypeToken.typeOf(TypeToken.java:631)
	at org.gdejohn.similitude.TypeToken.typeOf(TypeToken.java:205)
	at org.gdejohn.similitude.TypeToken.typeOf(TypeToken.java:229)
	at org.gdejohn.similitude.TypeToken.typeOf(TypeToken.java:240)
	at org.gdejohn.similitude.TypeToken.typeOf(TypeToken.java:246)
	at org.gdejohn.similitude.TypeToken.typeOf(TypeToken.java:251)
	at org.gdejohn.similitude.Builder.instantiate(Builder.java:559)
	at org.gdejohn.similitude.ClonerTest.testInterface(ClonerTest.java:927)
	at sun.reflect.NativeMethodAccessorImpl.invoke0(Native Method)
	at sun.reflect.NativeMethodAccessorImpl.invoke(Unknown Source)
	at sun.reflect.DelegatingMethodAccessorImpl.invoke(Unknown Source)
	at java.lang.reflect.Method.invoke(Unknown Source)
	at org.testng.internal.MethodInvocationHelper.invokeMethod(MethodInvocationHelper.java:80)
	at org.testng.internal.Invoker.invokeMethod(Invoker.java:702)
	at org.testng.internal.Invoker.invokeTestMethod(Invoker.java:894)
	at org.testng.internal.Invoker.invokeTestMethods(Invoker.java:1219)
	at org.testng.internal.TestMethodWorker.invokeTestMethods(TestMethodWorker.java:127)
	at org.testng.internal.TestMethodWorker.run(TestMethodWorker.java:111)
	at org.testng.TestRunner.privateRun(TestRunner.java:768)
	at org.testng.TestRunner.run(TestRunner.java:617)
	at org.testng.SuiteRunner.runTest(SuiteRunner.java:334)
	at org.testng.SuiteRunner.runSequentially(SuiteRunner.java:329)
	at org.testng.SuiteRunner.privateRun(SuiteRunner.java:291)
	at org.testng.SuiteRunner.run(SuiteRunner.java:240)
	at org.testng.SuiteRunnerWorker.runSuite(SuiteRunnerWorker.java:53)
	at org.testng.SuiteRunnerWorker.run(SuiteRunnerWorker.java:87)
	at org.testng.TestNG.runSuitesSequentially(TestNG.java:1185)
	at org.testng.TestNG.runSuitesLocally(TestNG.java:1110)
	at org.testng.TestNG.run(TestNG.java:1022)
	at org.testng.remote.RemoteTestNG.run(RemoteTestNG.java:109)
	at org.testng.remote.RemoteTestNG.initAndRun(RemoteTestNG.java:202)
	at org.testng.remote.RemoteTestNG.main(RemoteTestNG.java:173)
]]>
    </failure>
  </testcase> <!-- testInterface -->
  <testcase name="testFloatWrapper" time="0.002" classname="org.gdejohn.similitude.ClonerTest"/>
  <testcase name="testArrayContainingItself" time="0.003" classname="org.gdejohn.similitude.ClonerTest"/>
  <testcase name="testLongWrapper" time="0.006" classname="org.gdejohn.similitude.ClonerTest"/>
  <testcase name="testFieldInEnclosingClass" time="0.003" classname="org.gdejohn.similitude.ClonerTest"/>
  <testcase name="testNull" time="0.001" classname="org.gdejohn.similitude.ClonerTest"/>
  <testcase name="testChar" time="0.003" classname="org.gdejohn.similitude.ClonerTest"/>
  <testcase name="testParameterizedReturnType" time="0.004" classname="org.gdejohn.similitude.ClonerTest">
    <error type="java.lang.AssertionError" message="Failed.">
      <![CDATA[java.lang.AssertionError: Failed.
	at org.testng.Assert.fail(Assert.java:78)
	at org.gdejohn.similitude.ClonerTest.testParameterizedReturnType(ClonerTest.java:1132)
	at sun.reflect.NativeMethodAccessorImpl.invoke0(Native Method)
	at sun.reflect.NativeMethodAccessorImpl.invoke(Unknown Source)
	at sun.reflect.DelegatingMethodAccessorImpl.invoke(Unknown Source)
	at java.lang.reflect.Method.invoke(Unknown Source)
	at org.testng.internal.MethodInvocationHelper.invokeMethod(MethodInvocationHelper.java:80)
	at org.testng.internal.Invoker.invokeMethod(Invoker.java:702)
	at org.testng.internal.Invoker.invokeTestMethod(Invoker.java:894)
	at org.testng.internal.Invoker.invokeTestMethods(Invoker.java:1219)
	at org.testng.internal.TestMethodWorker.invokeTestMethods(TestMethodWorker.java:127)
	at org.testng.internal.TestMethodWorker.run(TestMethodWorker.java:111)
	at org.testng.TestRunner.privateRun(TestRunner.java:768)
	at org.testng.TestRunner.run(TestRunner.java:617)
	at org.testng.SuiteRunner.runTest(SuiteRunner.java:334)
	at org.testng.SuiteRunner.runSequentially(SuiteRunner.java:329)
	at org.testng.SuiteRunner.privateRun(SuiteRunner.java:291)
	at org.testng.SuiteRunner.run(SuiteRunner.java:240)
	at org.testng.SuiteRunnerWorker.runSuite(SuiteRunnerWorker.java:53)
	at org.testng.SuiteRunnerWorker.run(SuiteRunnerWorker.java:87)
	at org.testng.TestNG.runSuitesSequentially(TestNG.java:1185)
	at org.testng.TestNG.runSuitesLocally(TestNG.java:1110)
	at org.testng.TestNG.run(TestNG.java:1022)
	at org.testng.remote.RemoteTestNG.run(RemoteTestNG.java:109)
	at org.testng.remote.RemoteTestNG.initAndRun(RemoteTestNG.java:202)
	at org.testng.remote.RemoteTestNG.main(RemoteTestNG.java:173)
Caused by: org.gdejohn.similitude.InstantiationFailedException: No working constructor was found for class Test5.
	at org.gdejohn.similitude.Builder.instantiate(Builder.java:531)
	at org.gdejohn.similitude.Builder.instantiate(Builder.java:559)
	at org.gdejohn.similitude.ClonerTest.testParameterizedReturnType(ClonerTest.java:1128)
	... 24 more
]]>
    </error>
  </testcase> <!-- testParameterizedReturnType -->
  <testcase name="testPrimitiveArray" time="0.002" classname="org.gdejohn.similitude.ClonerTest"/>
  <testcase name="testCharWrapper" time="0.003" classname="org.gdejohn.similitude.ClonerTest"/>
  <testcase name="testInnerClass" time="0.013" classname="org.gdejohn.similitude.ClonerTest"/>
  <testcase name="testEnum" time="0.002" classname="org.gdejohn.similitude.ClonerTest"/>
  <testcase name="testDouble" time="0.003" classname="org.gdejohn.similitude.ClonerTest"/>
  <testcase name="testFailToInstantiateConstructorArg" time="0.006" classname="org.gdejohn.similitude.ClonerTest"/>
  <testcase name="testInheritedField" time="0.006" classname="org.gdejohn.similitude.ClonerTest"/>
  <testcase name="testListOfStrings" time="0.002" classname="org.gdejohn.similitude.ClonerTest">
    <failure type="java.lang.RuntimeException" message="Type argument couldn&#039;t be determined.">
      <![CDATA[java.lang.RuntimeException: Type argument couldn't be determined.
	at org.gdejohn.similitude.TypeToken.typeOf(TypeToken.java:631)
	at org.gdejohn.similitude.TypeToken.typeOf(TypeToken.java:205)
	at org.gdejohn.similitude.TypeToken.typeOf(TypeToken.java:402)
	at org.gdejohn.similitude.Cloner.toClone(Cloner.java:288)
	at org.gdejohn.similitude.Cloner.toClone(Cloner.java:507)
	at org.gdejohn.similitude.ClonerTest.testListOfStrings(ClonerTest.java:936)
	at sun.reflect.NativeMethodAccessorImpl.invoke0(Native Method)
	at sun.reflect.NativeMethodAccessorImpl.invoke(Unknown Source)
	at sun.reflect.DelegatingMethodAccessorImpl.invoke(Unknown Source)
	at java.lang.reflect.Method.invoke(Unknown Source)
	at org.testng.internal.MethodInvocationHelper.invokeMethod(MethodInvocationHelper.java:80)
	at org.testng.internal.Invoker.invokeMethod(Invoker.java:702)
	at org.testng.internal.Invoker.invokeTestMethod(Invoker.java:894)
	at org.testng.internal.Invoker.invokeTestMethods(Invoker.java:1219)
	at org.testng.internal.TestMethodWorker.invokeTestMethods(TestMethodWorker.java:127)
	at org.testng.internal.TestMethodWorker.run(TestMethodWorker.java:111)
	at org.testng.TestRunner.privateRun(TestRunner.java:768)
	at org.testng.TestRunner.run(TestRunner.java:617)
	at org.testng.SuiteRunner.runTest(SuiteRunner.java:334)
	at org.testng.SuiteRunner.runSequentially(SuiteRunner.java:329)
	at org.testng.SuiteRunner.privateRun(SuiteRunner.java:291)
	at org.testng.SuiteRunner.run(SuiteRunner.java:240)
	at org.testng.SuiteRunnerWorker.runSuite(SuiteRunnerWorker.java:53)
	at org.testng.SuiteRunnerWorker.run(SuiteRunnerWorker.java:87)
	at org.testng.TestNG.runSuitesSequentially(TestNG.java:1185)
	at org.testng.TestNG.runSuitesLocally(TestNG.java:1110)
	at org.testng.TestNG.run(TestNG.java:1022)
	at org.testng.remote.RemoteTestNG.run(RemoteTestNG.java:109)
	at org.testng.remote.RemoteTestNG.initAndRun(RemoteTestNG.java:202)
	at org.testng.remote.RemoteTestNG.main(RemoteTestNG.java:173)
]]>
    </failure>
  </testcase> <!-- testListOfStrings -->
  <testcase name="testNestedTypeParameters" time="0.018" classname="org.gdejohn.similitude.ClonerTest">
    <error type="java.lang.AssertionError" message="Test didn&#039;t complete normally.">
      <![CDATA[java.lang.AssertionError: Test didn't complete normally.
	at org.testng.Assert.fail(Assert.java:78)
	at org.gdejohn.similitude.ClonerTest.testNestedTypeParameters(ClonerTest.java:1054)
	at sun.reflect.NativeMethodAccessorImpl.invoke0(Native Method)
	at sun.reflect.NativeMethodAccessorImpl.invoke(Unknown Source)
	at sun.reflect.DelegatingMethodAccessorImpl.invoke(Unknown Source)
	at java.lang.reflect.Method.invoke(Unknown Source)
	at org.testng.internal.MethodInvocationHelper.invokeMethod(MethodInvocationHelper.java:80)
	at org.testng.internal.Invoker.invokeMethod(Invoker.java:702)
	at org.testng.internal.Invoker.invokeTestMethod(Invoker.java:894)
	at org.testng.internal.Invoker.invokeTestMethods(Invoker.java:1219)
	at org.testng.internal.TestMethodWorker.invokeTestMethods(TestMethodWorker.java:127)
	at org.testng.internal.TestMethodWorker.run(TestMethodWorker.java:111)
	at org.testng.TestRunner.privateRun(TestRunner.java:768)
	at org.testng.TestRunner.run(TestRunner.java:617)
	at org.testng.SuiteRunner.runTest(SuiteRunner.java:334)
	at org.testng.SuiteRunner.runSequentially(SuiteRunner.java:329)
	at org.testng.SuiteRunner.privateRun(SuiteRunner.java:291)
	at org.testng.SuiteRunner.run(SuiteRunner.java:240)
	at org.testng.SuiteRunnerWorker.runSuite(SuiteRunnerWorker.java:53)
	at org.testng.SuiteRunnerWorker.run(SuiteRunnerWorker.java:87)
	at org.testng.TestNG.runSuitesSequentially(TestNG.java:1185)
	at org.testng.TestNG.runSuitesLocally(TestNG.java:1110)
	at org.testng.TestNG.run(TestNG.java:1022)
	at org.testng.remote.RemoteTestNG.run(RemoteTestNG.java:109)
	at org.testng.remote.RemoteTestNG.initAndRun(RemoteTestNG.java:202)
	at org.testng.remote.RemoteTestNG.main(RemoteTestNG.java:173)
Caused by: org.gdejohn.similitude.CloningFailedException: Couldn't instantiate class InterfaceParam.
	at org.gdejohn.similitude.Cloner.toClone(Cloner.java:412)
	at org.gdejohn.similitude.Cloner.toClone(Cloner.java:507)
	at org.gdejohn.similitude.ClonerTest.testNestedTypeParameters(ClonerTest.java:1047)
	... 24 more
Caused by: org.gdejohn.similitude.InstantiationFailedException: No working constructor was found for class InterfaceParam.
	at org.gdejohn.similitude.Builder.instantiate(Builder.java:531)
	at org.gdejohn.similitude.Cloner.toClone(Cloner.java:401)
	... 26 more
]]>
    </error>
  </testcase> <!-- testNestedTypeParameters -->
  <testcase name="testGenericInterface" time="0.044" classname="org.gdejohn.similitude.ClonerTest">
    <error type="java.lang.AssertionError" message="Test didn&#039;t complete normally.">
      <![CDATA[java.lang.AssertionError: Test didn't complete normally.
	at org.testng.Assert.fail(Assert.java:78)
	at org.gdejohn.similitude.ClonerTest.testGenericInterface(ClonerTest.java:1035)
	at sun.reflect.NativeMethodAccessorImpl.invoke0(Native Method)
	at sun.reflect.NativeMethodAccessorImpl.invoke(Unknown Source)
	at sun.reflect.DelegatingMethodAccessorImpl.invoke(Unknown Source)
	at java.lang.reflect.Method.invoke(Unknown Source)
	at org.testng.internal.MethodInvocationHelper.invokeMethod(MethodInvocationHelper.java:80)
	at org.testng.internal.Invoker.invokeMethod(Invoker.java:702)
	at org.testng.internal.Invoker.invokeTestMethod(Invoker.java:894)
	at org.testng.internal.Invoker.invokeTestMethods(Invoker.java:1219)
	at org.testng.internal.TestMethodWorker.invokeTestMethods(TestMethodWorker.java:127)
	at org.testng.internal.TestMethodWorker.run(TestMethodWorker.java:111)
	at org.testng.TestRunner.privateRun(TestRunner.java:768)
	at org.testng.TestRunner.run(TestRunner.java:617)
	at org.testng.SuiteRunner.runTest(SuiteRunner.java:334)
	at org.testng.SuiteRunner.runSequentially(SuiteRunner.java:329)
	at org.testng.SuiteRunner.privateRun(SuiteRunner.java:291)
	at org.testng.SuiteRunner.run(SuiteRunner.java:240)
	at org.testng.SuiteRunnerWorker.runSuite(SuiteRunnerWorker.java:53)
	at org.testng.SuiteRunnerWorker.run(SuiteRunnerWorker.java:87)
	at org.testng.TestNG.runSuitesSequentially(TestNG.java:1185)
	at org.testng.TestNG.runSuitesLocally(TestNG.java:1110)
	at org.testng.TestNG.run(TestNG.java:1022)
	at org.testng.remote.RemoteTestNG.run(RemoteTestNG.java:109)
	at org.testng.remote.RemoteTestNG.initAndRun(RemoteTestNG.java:202)
	at org.testng.remote.RemoteTestNG.main(RemoteTestNG.java:173)
Caused by: org.gdejohn.similitude.CloningFailedException: Couldn't instantiate class InterfaceParam.
	at org.gdejohn.similitude.Cloner.toClone(Cloner.java:412)
	at org.gdejohn.similitude.Cloner.toClone(Cloner.java:507)
	at org.gdejohn.similitude.ClonerTest.testGenericInterface(ClonerTest.java:1028)
	... 24 more
Caused by: org.gdejohn.similitude.InstantiationFailedException: No working constructor was found for class InterfaceParam.
	at org.gdejohn.similitude.Builder.instantiate(Builder.java:531)
	at org.gdejohn.similitude.Cloner.toClone(Cloner.java:401)
	... 26 more
]]>
    </error>
  </testcase> <!-- testGenericInterface -->
  <testcase name="testDoubleWrapper" time="0.003" classname="org.gdejohn.similitude.ClonerTest"/>
  <testcase name="testCovariantArrays" time="0.006" classname="org.gdejohn.similitude.ClonerTest"/>
  <testcase name="testVarargsInterface" time="0.003" classname="org.gdejohn.similitude.ClonerTest">
    <failure type="org.gdejohn.similitude.InstantiationFailedException" message="No working constructor was found for class Test2.">
      <![CDATA[org.gdejohn.similitude.InstantiationFailedException: No working constructor was found for class Test2.
	at org.gdejohn.similitude.Builder.instantiate(Builder.java:531)
	at org.gdejohn.similitude.Builder.instantiate(Builder.java:559)
	at org.gdejohn.similitude.ClonerTest.testVarargsInterface(ClonerTest.java:1231)
	at sun.reflect.NativeMethodAccessorImpl.invoke0(Native Method)
	at sun.reflect.NativeMethodAccessorImpl.invoke(Unknown Source)
	at sun.reflect.DelegatingMethodAccessorImpl.invoke(Unknown Source)
	at java.lang.reflect.Method.invoke(Unknown Source)
	at org.testng.internal.MethodInvocationHelper.invokeMethod(MethodInvocationHelper.java:80)
	at org.testng.internal.Invoker.invokeMethod(Invoker.java:702)
	at org.testng.internal.Invoker.invokeTestMethod(Invoker.java:894)
	at org.testng.internal.Invoker.invokeTestMethods(Invoker.java:1219)
	at org.testng.internal.TestMethodWorker.invokeTestMethods(TestMethodWorker.java:127)
	at org.testng.internal.TestMethodWorker.run(TestMethodWorker.java:111)
	at org.testng.TestRunner.privateRun(TestRunner.java:768)
	at org.testng.TestRunner.run(TestRunner.java:617)
	at org.testng.SuiteRunner.runTest(SuiteRunner.java:334)
	at org.testng.SuiteRunner.runSequentially(SuiteRunner.java:329)
	at org.testng.SuiteRunner.privateRun(SuiteRunner.java:291)
	at org.testng.SuiteRunner.run(SuiteRunner.java:240)
	at org.testng.SuiteRunnerWorker.runSuite(SuiteRunnerWorker.java:53)
	at org.testng.SuiteRunnerWorker.run(SuiteRunnerWorker.java:87)
	at org.testng.TestNG.runSuitesSequentially(TestNG.java:1185)
	at org.testng.TestNG.runSuitesLocally(TestNG.java:1110)
	at org.testng.TestNG.run(TestNG.java:1022)
	at org.testng.remote.RemoteTestNG.run(RemoteTestNG.java:109)
	at org.testng.remote.RemoteTestNG.initAndRun(RemoteTestNG.java:202)
	at org.testng.remote.RemoteTestNG.main(RemoteTestNG.java:173)
]]>
    </failure>
  </testcase> <!-- testVarargsInterface -->
  <testcase name="testString" time="0.001" classname="org.gdejohn.similitude.ClonerTest"/>
  <testcase name="testNullaryConstructor" time="0.002" classname="org.gdejohn.similitude.ClonerTest"/>
  <testcase name="testStringBuilder" time="0.010" classname="org.gdejohn.similitude.ClonerTest"/>
  <testcase name="testInt" time="0.003" classname="org.gdejohn.similitude.ClonerTest"/>
  <testcase name="testByte" time="0.018" classname="org.gdejohn.similitude.ClonerTest"/>
  <testcase name="testByteWrapper" time="0.006" classname="org.gdejohn.similitude.ClonerTest"/>
  <testcase name="testIntWrapper" time="0.004" classname="org.gdejohn.similitude.ClonerTest"/>
  <testcase name="testRegisteredImmutable" time="0.010" classname="org.gdejohn.similitude.ClonerTest"/>
  <testcase name="testLong" time="0.004" classname="org.gdejohn.similitude.ClonerTest"/>
  <testcase name="testNonGenericClassTypeToken" time="0.010" classname="org.gdejohn.similitude.ClonerTest"/>
  <testcase name="testReturnsGenericArray" time="0.003" classname="org.gdejohn.similitude.ClonerTest">
    <failure type="java.lang.NullPointerException">
      <![CDATA[java.lang.NullPointerException
	at org.gdejohn.similitude.TypeToken.getReturnType(TypeToken.java:885)
	at org.gdejohn.similitude.Builder$2.invoke(Builder.java:341)
	at org.gdejohn.similitude.$Proxy8.foo(Unknown Source)
	at org.gdejohn.similitude.ClonerTest.testReturnsGenericArray(ClonerTest.java:1201)
	at sun.reflect.NativeMethodAccessorImpl.invoke0(Native Method)
	at sun.reflect.NativeMethodAccessorImpl.invoke(Unknown Source)
	at sun.reflect.DelegatingMethodAccessorImpl.invoke(Unknown Source)
	at java.lang.reflect.Method.invoke(Unknown Source)
	at org.testng.internal.MethodInvocationHelper.invokeMethod(MethodInvocationHelper.java:80)
	at org.testng.internal.Invoker.invokeMethod(Invoker.java:702)
	at org.testng.internal.Invoker.invokeTestMethod(Invoker.java:894)
	at org.testng.internal.Invoker.invokeTestMethods(Invoker.java:1219)
	at org.testng.internal.TestMethodWorker.invokeTestMethods(TestMethodWorker.java:127)
	at org.testng.internal.TestMethodWorker.run(TestMethodWorker.java:111)
	at org.testng.TestRunner.privateRun(TestRunner.java:768)
	at org.testng.TestRunner.run(TestRunner.java:617)
	at org.testng.SuiteRunner.runTest(SuiteRunner.java:334)
	at org.testng.SuiteRunner.runSequentially(SuiteRunner.java:329)
	at org.testng.SuiteRunner.privateRun(SuiteRunner.java:291)
	at org.testng.SuiteRunner.run(SuiteRunner.java:240)
	at org.testng.SuiteRunnerWorker.runSuite(SuiteRunnerWorker.java:53)
	at org.testng.SuiteRunnerWorker.run(SuiteRunnerWorker.java:87)
	at org.testng.TestNG.runSuitesSequentially(TestNG.java:1185)
	at org.testng.TestNG.runSuitesLocally(TestNG.java:1110)
	at org.testng.TestNG.run(TestNG.java:1022)
	at org.testng.remote.RemoteTestNG.run(RemoteTestNG.java:109)
	at org.testng.remote.RemoteTestNG.initAndRun(RemoteTestNG.java:202)
	at org.testng.remote.RemoteTestNG.main(RemoteTestNG.java:173)
]]>
    </failure>
  </testcase> <!-- testReturnsGenericArray -->
  <testcase name="testFloat" time="0.003" classname="org.gdejohn.similitude.ClonerTest"/>
  <testcase name="testMultidimensionalArray" time="0.021" classname="org.gdejohn.similitude.ClonerTest"/>
  <testcase name="testEnclosingGeneric" time="0.007" classname="org.gdejohn.similitude.ClonerTest"/>
  <testcase name="testLocalClass" time="0.007" classname="org.gdejohn.similitude.ClonerTest">
    <failure type="java.lang.RuntimeException" message="Type argument couldn&#039;t be determined.">
      <![CDATA[java.lang.RuntimeException: Type argument couldn't be determined.
	at org.gdejohn.similitude.TypeToken.typeOf(TypeToken.java:631)
	at org.gdejohn.similitude.TypeToken.typeOf(TypeToken.java:658)
	at org.gdejohn.similitude.TypeToken.typeOf(TypeToken.java:673)
	at org.gdejohn.similitude.TypeToken.typeOf(TypeToken.java:678)
	at org.gdejohn.similitude.Builder.instantiate(Builder.java:436)
	at org.gdejohn.similitude.Cloner.toClone(Cloner.java:401)
	at org.gdejohn.similitude.Cloner.toClone(Cloner.java:507)
	at org.gdejohn.similitude.ClonerTest.testLocalClass(ClonerTest.java:1179)
	at sun.reflect.NativeMethodAccessorImpl.invoke0(Native Method)
	at sun.reflect.NativeMethodAccessorImpl.invoke(Unknown Source)
	at sun.reflect.DelegatingMethodAccessorImpl.invoke(Unknown Source)
	at java.lang.reflect.Method.invoke(Unknown Source)
	at org.testng.internal.MethodInvocationHelper.invokeMethod(MethodInvocationHelper.java:80)
	at org.testng.internal.Invoker.invokeMethod(Invoker.java:702)
	at org.testng.internal.Invoker.invokeTestMethod(Invoker.java:894)
	at org.testng.internal.Invoker.invokeTestMethods(Invoker.java:1219)
	at org.testng.internal.TestMethodWorker.invokeTestMethods(TestMethodWorker.java:127)
	at org.testng.internal.TestMethodWorker.run(TestMethodWorker.java:111)
	at org.testng.TestRunner.privateRun(TestRunner.java:768)
	at org.testng.TestRunner.run(TestRunner.java:617)
	at org.testng.SuiteRunner.runTest(SuiteRunner.java:334)
	at org.testng.SuiteRunner.runSequentially(SuiteRunner.java:329)
	at org.testng.SuiteRunner.privateRun(SuiteRunner.java:291)
	at org.testng.SuiteRunner.run(SuiteRunner.java:240)
	at org.testng.SuiteRunnerWorker.runSuite(SuiteRunnerWorker.java:53)
	at org.testng.SuiteRunnerWorker.run(SuiteRunnerWorker.java:87)
	at org.testng.TestNG.runSuitesSequentially(TestNG.java:1185)
	at org.testng.TestNG.runSuitesLocally(TestNG.java:1110)
	at org.testng.TestNG.run(TestNG.java:1022)
	at org.testng.remote.RemoteTestNG.run(RemoteTestNG.java:109)
	at org.testng.remote.RemoteTestNG.initAndRun(RemoteTestNG.java:202)
	at org.testng.remote.RemoteTestNG.main(RemoteTestNG.java:173)
]]>
    </failure>
  </testcase> <!-- testLocalClass -->
  <testcase name="testShort" time="0.002" classname="org.gdejohn.similitude.ClonerTest"/>
  <testcase name="testAddDefaultSubclass" time="0.044" classname="org.gdejohn.similitude.ClonerTest"/>
  <testcase name="testParameterizedByTypeVariable" time="0.007" classname="org.gdejohn.similitude.ClonerTest">
    <error type="java.lang.AssertionError" message="Failed.">
      <![CDATA[java.lang.AssertionError: Failed.
	at org.testng.Assert.fail(Assert.java:78)
	at org.gdejohn.similitude.ClonerTest.testParameterizedByTypeVariable(ClonerTest.java:1096)
	at sun.reflect.NativeMethodAccessorImpl.invoke0(Native Method)
	at sun.reflect.NativeMethodAccessorImpl.invoke(Unknown Source)
	at sun.reflect.DelegatingMethodAccessorImpl.invoke(Unknown Source)
	at java.lang.reflect.Method.invoke(Unknown Source)
	at org.testng.internal.MethodInvocationHelper.invokeMethod(MethodInvocationHelper.java:80)
	at org.testng.internal.Invoker.invokeMethod(Invoker.java:702)
	at org.testng.internal.Invoker.invokeTestMethod(Invoker.java:894)
	at org.testng.internal.Invoker.invokeTestMethods(Invoker.java:1219)
	at org.testng.internal.TestMethodWorker.invokeTestMethods(TestMethodWorker.java:127)
	at org.testng.internal.TestMethodWorker.run(TestMethodWorker.java:111)
	at org.testng.TestRunner.privateRun(TestRunner.java:768)
	at org.testng.TestRunner.run(TestRunner.java:617)
	at org.testng.SuiteRunner.runTest(SuiteRunner.java:334)
	at org.testng.SuiteRunner.runSequentially(SuiteRunner.java:329)
	at org.testng.SuiteRunner.privateRun(SuiteRunner.java:291)
	at org.testng.SuiteRunner.run(SuiteRunner.java:240)
	at org.testng.SuiteRunnerWorker.runSuite(SuiteRunnerWorker.java:53)
	at org.testng.SuiteRunnerWorker.run(SuiteRunnerWorker.java:87)
	at org.testng.TestNG.runSuitesSequentially(TestNG.java:1185)
	at org.testng.TestNG.runSuitesLocally(TestNG.java:1110)
	at org.testng.TestNG.run(TestNG.java:1022)
	at org.testng.remote.RemoteTestNG.run(RemoteTestNG.java:109)
	at org.testng.remote.RemoteTestNG.initAndRun(RemoteTestNG.java:202)
	at org.testng.remote.RemoteTestNG.main(RemoteTestNG.java:173)
Caused by: org.gdejohn.similitude.InstantiationFailedException: No working constructor was found for class Bar.
	at org.gdejohn.similitude.Builder.instantiate(Builder.java:531)
	at org.gdejohn.similitude.Builder.instantiate(Builder.java:559)
	at org.gdejohn.similitude.ClonerTest.testParameterizedByTypeVariable(ClonerTest.java:1092)
	... 24 more
]]>
    </error>
  </testcase> <!-- testParameterizedByTypeVariable -->
  <testcase name="testBooleanWrapper" time="0.001" classname="org.gdejohn.similitude.ClonerTest"/>
  <testcase name="testTypeToken" time="0.003" classname="org.gdejohn.similitude.ClonerTest"/>
  <testcase name="testBoolean" time="0.003" classname="org.gdejohn.similitude.ClonerTest"/>
  <testcase name="testShortWrapper" time="0.001" classname="org.gdejohn.similitude.ClonerTest"/>
</testsuite> <!-- org.gdejohn.similitude.ClonerTest -->
