<?xml version="1.0" encoding="UTF-8"?>
<!-- Generated by org.testng.reporters.JUnitReportReporter -->
<testsuite hostname="compy-386" name="org.gdejohn.similitude.TypeTokenTest" tests="9" failures="0" timestamp="28 Apr 2012 00:09:15 GMT" time="0.062" errors="0">
  <testcase name="nonGenericEquality" time="0.000" classname="org.gdejohn.similitude.TypeTokenTest"/>
  <testcase name="nonGenericObject" time="0.000" classname="org.gdejohn.similitude.TypeTokenTest"/>
  <testcase name="instanceOfTopLevelGenericType" time="0.000" classname="org.gdejohn.similitude.TypeTokenTest"/>
  <testcase name="privateConstructor" time="0.000" classname="org.gdejohn.similitude.TypeTokenTest"/>
  <testcase name="nonGenericTypeToString" time="0.000" classname="org.gdejohn.similitude.TypeTokenTest"/>
  <testcase name="parameterizedType" time="0.015" classname="org.gdejohn.similitude.TypeTokenTest"/>
  <testcase name="nonGenericType" time="0.000" classname="org.gdejohn.similitude.TypeTokenTest"/>
  <testcase name="genericMethodReturnType" time="0.047" classname="org.gdejohn.similitude.TypeTokenTest"/>
  <testcase name="inheritedFields" time="0.000" classname="org.gdejohn.similitude.TypeTokenTest"/>
</testsuite> <!-- org.gdejohn.similitude.TypeTokenTest -->
