<?xml version="1.0" encoding="UTF-8"?>
<!-- Generated by org.testng.reporters.JUnitReportReporter -->
<testsuite hostname="compy-386" name="org.gdejohn.similitude.ClonerTest" tests="1" failures="0" timestamp="3 May 2012 07:17:50 GMT" time="0.039" errors="0">
  <testcase name="testEnum" time="0.039" classname="org.gdejohn.similitude.ClonerTest"/>
</testsuite> <!-- org.gdejohn.similitude.ClonerTest -->
