<?xml version="1.0" encoding="UTF-8"?>
<!-- Generated by org.testng.reporters.JUnitReportReporter -->
<testsuite hostname="compy-386" name="org.gdejohn.similitude.Test0" tests="41" failures="0" timestamp="1 Mar 2012 02:16:57 GMT" time="0.137" errors="0">
  <testcase name="testString" time="0.000" classname="org.gdejohn.similitude.Test0"/>
  <testcase name="testMultidimensionalArray" time="0.002" classname="org.gdejohn.similitude.Test0"/>
  <testcase name="testInheritedField" time="0.002" classname="org.gdejohn.similitude.Test0"/>
  <testcase name="testParameterizedByTypeVariable" time="0.002" classname="org.gdejohn.similitude.Test0"/>
  <testcase name="testCovariantArrays" time="0.001" classname="org.gdejohn.similitude.Test0"/>
  <testcase name="testFailToInstantiateConstructorArg" time="0.005" classname="org.gdejohn.similitude.Test0"/>
  <testcase name="testNullaryConstructor" time="0.001" classname="org.gdejohn.similitude.Test0"/>
  <testcase name="testGenericInterface" time="0.009" classname="org.gdejohn.similitude.Test0"/>
  <testcase name="testEverything" time="0.002" classname="org.gdejohn.similitude.Test0"/>
  <testcase name="testCharWrapper" time="0.001" classname="org.gdejohn.similitude.Test0"/>
  <testcase name="testInt" time="0.002" classname="org.gdejohn.similitude.Test0"/>
  <testcase name="testBooleanWrapper" time="0.002" classname="org.gdejohn.similitude.Test0"/>
  <testcase name="testNestedTypeParameters" time="0.002" classname="org.gdejohn.similitude.Test0"/>
  <testcase name="testNull" time="0.001" classname="org.gdejohn.similitude.Test0"/>
  <testcase name="testBoolean" time="0.002" classname="org.gdejohn.similitude.Test0"/>
  <testcase name="testReturnsGenericArray" time="0.018" classname="org.gdejohn.similitude.Test0"/>
  <testcase name="testEnum" time="0.001" classname="org.gdejohn.similitude.Test0"/>
  <testcase name="testDoubleWrapper" time="0.000" classname="org.gdejohn.similitude.Test0"/>
  <testcase name="testListOfStrings" time="0.002" classname="org.gdejohn.similitude.Test0"/>
  <testcase name="testPrimitiveArray" time="0.001" classname="org.gdejohn.similitude.Test0"/>
  <testcase name="testByte" time="0.001" classname="org.gdejohn.similitude.Test0"/>
  <testcase name="testVarargsInterface" time="0.004" classname="org.gdejohn.similitude.Test0"/>
  <testcase name="testIntWrapper" time="0.000" classname="org.gdejohn.similitude.Test0"/>
  <testcase name="testLocalClass" time="0.005" classname="org.gdejohn.similitude.Test0"/>
  <testcase name="testFloat" time="0.001" classname="org.gdejohn.similitude.Test0"/>
  <testcase name="testLongWrapper" time="0.001" classname="org.gdejohn.similitude.Test0"/>
  <testcase name="testParameterizedReturnType" time="0.006" classname="org.gdejohn.similitude.Test0"/>
  <testcase name="testDouble" time="0.002" classname="org.gdejohn.similitude.Test0"/>
  <testcase name="testChar" time="0.001" classname="org.gdejohn.similitude.Test0"/>
  <testcase name="testFloatWrapper" time="0.001" classname="org.gdejohn.similitude.Test0"/>
  <testcase name="testArrayContainingItself" time="0.003" classname="org.gdejohn.similitude.Test0"/>
  <testcase name="testInnerClass" time="0.003" classname="org.gdejohn.similitude.Test0"/>
  <testcase name="testLong" time="0.001" classname="org.gdejohn.similitude.Test0"/>
  <testcase name="testShortWrapper" time="0.001" classname="org.gdejohn.similitude.Test0"/>
  <testcase name="testFieldInEnclosingClass" time="0.002" classname="org.gdejohn.similitude.Test0"/>
  <testcase name="testByteWrapper" time="0.001" classname="org.gdejohn.similitude.Test0"/>
  <testcase name="testInterface" time="0.006" classname="org.gdejohn.similitude.Test0"/>
  <testcase name="testAddDefaultSubclass" time="0.038" classname="org.gdejohn.similitude.Test0"/>
  <testcase name="testImmutable" time="0.002" classname="org.gdejohn.similitude.Test0"/>
  <testcase name="testStringBuilder" time="0.001" classname="org.gdejohn.similitude.Test0"/>
  <testcase name="testShort" time="0.001" classname="org.gdejohn.similitude.Test0"/>
</testsuite> <!-- org.gdejohn.similitude.Test0 -->
