<?xml version="1.0" encoding="UTF-8"?>
<!-- Generated by org.testng.reporters.JUnitReportReporter -->
<testsuite hostname="compy-386" name="org.gdejohn.similitude.TypeTokenTest" tests="13" failures="0" timestamp="1 May 2012 05:50:22 GMT" time="0.060" errors="0">
  <testcase name="nonGenericType" time="0.010" classname="org.gdejohn.similitude.TypeTokenTest"/>
  <testcase name="genericArrayType" time="0.030" classname="org.gdejohn.similitude.TypeTokenTest"/>
  <testcase name="nonGenericEquality" time="0.000" classname="org.gdejohn.similitude.TypeTokenTest"/>
  <testcase name="wildcardType" time="0.000" classname="org.gdejohn.similitude.TypeTokenTest"/>
  <testcase name="parameterizedType" time="0.000" classname="org.gdejohn.similitude.TypeTokenTest"/>
  <testcase name="superTypeToken" time="0.010" classname="org.gdejohn.similitude.TypeTokenTest"/>
  <testcase name="genericMethodReturnType" time="0.000" classname="org.gdejohn.similitude.TypeTokenTest"/>
  <testcase name="privateConstructor" time="0.000" classname="org.gdejohn.similitude.TypeTokenTest"/>
  <testcase name="instanceOfTopLevelGenericType" time="0.000" classname="org.gdejohn.similitude.TypeTokenTest"/>
  <testcase name="nonGenericTypeToString" time="0.000" classname="org.gdejohn.similitude.TypeTokenTest"/>
  <testcase name="nonGenericObject" time="0.000" classname="org.gdejohn.similitude.TypeTokenTest"/>
  <testcase name="inheritedFields" time="0.000" classname="org.gdejohn.similitude.TypeTokenTest"/>
  <testcase name="genericEnclosingType" time="0.010" classname="org.gdejohn.similitude.TypeTokenTest"/>
</testsuite> <!-- org.gdejohn.similitude.TypeTokenTest -->
