<?xml version="1.0" encoding="UTF-8"?>
<!-- Generated by org.testng.reporters.JUnitReportReporter -->
<testsuite hostname="compy-386" name="org.gdejohn.similitude.TypeTokenTest" tests="20" failures="0" timestamp="3 May 2012 20:00:44 GMT" time="0.114" errors="0">
  <testcase name="wildcardType" time="0.003" classname="org.gdejohn.similitude.TypeTokenTest"/>
  <testcase name="enumType" time="0.026" classname="org.gdejohn.similitude.TypeTokenTest"/>
  <testcase name="nonGenericType" time="0.001" classname="org.gdejohn.similitude.TypeTokenTest"/>
  <testcase name="nonGenericEquality" time="0.002" classname="org.gdejohn.similitude.TypeTokenTest"/>
  <testcase name="instanceOfNonGenericType" time="0.001" classname="org.gdejohn.similitude.TypeTokenTest"/>
  <testcase name="nonGenericSuperType" time="0.004" classname="org.gdejohn.similitude.TypeTokenTest"/>
  <testcase name="privateConstructor" time="0.002" classname="org.gdejohn.similitude.TypeTokenTest"/>
  <testcase name="parameterizedType" time="0.004" classname="org.gdejohn.similitude.TypeTokenTest"/>
  <testcase name="superTypeToken" time="0.005" classname="org.gdejohn.similitude.TypeTokenTest"/>
  <testcase name="genericSuperType" time="0.006" classname="org.gdejohn.similitude.TypeTokenTest"/>
  <testcase name="recursiveGenericInterface" time="0.001" classname="org.gdejohn.similitude.TypeTokenTest"/>
  <testcase name="instanceOfTopLevelGenericType" time="0.006" classname="org.gdejohn.similitude.TypeTokenTest"/>
  <testcase name="nonGenericTypeToString" time="0.001" classname="org.gdejohn.similitude.TypeTokenTest"/>
  <testcase name="inheritedFields" time="0.003" classname="org.gdejohn.similitude.TypeTokenTest"/>
  <testcase name="instanceOfGenericType" time="0.028" classname="org.gdejohn.similitude.TypeTokenTest"/>
  <testcase name="genericEnclosingType" time="0.005" classname="org.gdejohn.similitude.TypeTokenTest"/>
  <testcase name="nonGenericObject" time="0.001" classname="org.gdejohn.similitude.TypeTokenTest"/>
  <testcase name="nonGenericInterfaces" time="0.003" classname="org.gdejohn.similitude.TypeTokenTest"/>
  <testcase name="genericArrayType" time="0.006" classname="org.gdejohn.similitude.TypeTokenTest"/>
  <testcase name="genericMethodReturnType" time="0.006" classname="org.gdejohn.similitude.TypeTokenTest"/>
</testsuite> <!-- org.gdejohn.similitude.TypeTokenTest -->
