<?xml version="1.0" encoding="UTF-8"?>
<!-- Generated by org.testng.reporters.JUnitReportReporter -->
<testsuite hostname="compy-386" name="org.gdejohn.similitude.TypeTokenTest" tests="3" failures="0" timestamp="25 Apr 2012 00:06:33 GMT" time="0.037" errors="0">
  <testcase name="testNonGenericTypeToString" time="0.002" classname="org.gdejohn.similitude.TypeTokenTest"/>
  <testcase name="testNonGenericObject" time="0.033" classname="org.gdejohn.similitude.TypeTokenTest"/>
  <testcase name="testNonGenericType" time="0.002" classname="org.gdejohn.similitude.TypeTokenTest"/>
</testsuite> <!-- org.gdejohn.similitude.TypeTokenTest -->
