<?xml version="1.0" encoding="UTF-8"?>
<!-- Generated by org.testng.reporters.JUnitReportReporter -->
<testsuite hostname="compy-386" name="org.gdejohn.similitude.ClonerTest" tests="43" failures="5" timestamp="27 Apr 2012 23:35:39 GMT" time="0.587" errors="5">
  <testcase name="testLocalClass" time="0.043" classname="org.gdejohn.similitude.ClonerTest">
    <failure type="java.lang.NullPointerException">
      <![CDATA[java.lang.NullPointerException
	at org.gdejohn.similitude.TypeToken.typeOf(TypeToken.java:321)
	at org.gdejohn.similitude.TypeToken.typeOf(TypeToken.java:371)
	at org.gdejohn.similitude.TypeToken.typeOf(TypeToken.java:381)
	at org.gdejohn.similitude.Builder.instantiate(Builder.java:448)
	at org.gdejohn.similitude.Cloner.toClone(Cloner.java:358)
	at org.gdejohn.similitude.Cloner.toClone(Cloner.java:461)
	at org.gdejohn.similitude.ClonerTest.testLocalClass(ClonerTest.java:1201)
	at sun.reflect.NativeMethodAccessorImpl.invoke0(Native Method)
	at sun.reflect.NativeMethodAccessorImpl.invoke(Unknown Source)
	at sun.reflect.DelegatingMethodAccessorImpl.invoke(Unknown Source)
	at java.lang.reflect.Method.invoke(Unknown Source)
	at org.testng.internal.MethodInvocationHelper.invokeMethod(MethodInvocationHelper.java:80)
	at org.testng.internal.Invoker.invokeMethod(Invoker.java:702)
	at org.testng.internal.Invoker.invokeTestMethod(Invoker.java:894)
	at org.testng.internal.Invoker.invokeTestMethods(Invoker.java:1219)
	at org.testng.internal.TestMethodWorker.invokeTestMethods(TestMethodWorker.java:127)
	at org.testng.internal.TestMethodWorker.run(TestMethodWorker.java:111)
	at org.testng.TestRunner.privateRun(TestRunner.java:768)
	at org.testng.TestRunner.run(TestRunner.java:617)
	at org.testng.SuiteRunner.runTest(SuiteRunner.java:334)
	at org.testng.SuiteRunner.runSequentially(SuiteRunner.java:329)
	at org.testng.SuiteRunner.privateRun(SuiteRunner.java:291)
	at org.testng.SuiteRunner.run(SuiteRunner.java:240)
	at org.testng.SuiteRunnerWorker.runSuite(SuiteRunnerWorker.java:53)
	at org.testng.SuiteRunnerWorker.run(SuiteRunnerWorker.java:87)
	at org.testng.TestNG.runSuitesSequentially(TestNG.java:1185)
	at org.testng.TestNG.runSuitesLocally(TestNG.java:1110)
	at org.testng.TestNG.run(TestNG.java:1022)
	at org.testng.remote.RemoteTestNG.run(RemoteTestNG.java:109)
	at org.testng.remote.RemoteTestNG.initAndRun(RemoteTestNG.java:202)
	at org.testng.remote.RemoteTestNG.main(RemoteTestNG.java:173)
]]>
    </failure>
  </testcase> <!-- testLocalClass -->
  <testcase name="testNullaryConstructor" time="0.001" classname="org.gdejohn.similitude.ClonerTest"/>
  <testcase name="testBoolean" time="0.026" classname="org.gdejohn.similitude.ClonerTest"/>
  <testcase name="testByte" time="0.014" classname="org.gdejohn.similitude.ClonerTest"/>
  <testcase name="testIntWrapper" time="0.001" classname="org.gdejohn.similitude.ClonerTest"/>
  <testcase name="testNonGenericClassTypeToken" time="0.004" classname="org.gdejohn.similitude.ClonerTest"/>
  <testcase name="testReturnsGenericArray" time="0.004" classname="org.gdejohn.similitude.ClonerTest">
    <failure type="java.lang.Error" message="Unresolved compilation problem: 
	The method getReturnType(Method, Object[]) is undefined for the type TypeToken&lt;T&gt;
">
      <![CDATA[java.lang.Error: Unresolved compilation problem: 
	The method getReturnType(Method, Object[]) is undefined for the type TypeToken<T>

	at org.gdejohn.similitude.Builder$2.invoke(Builder.java:334)
	at org.gdejohn.similitude.$Proxy8.foo(Unknown Source)
	at org.gdejohn.similitude.ClonerTest.testReturnsGenericArray(ClonerTest.java:1223)
	at sun.reflect.NativeMethodAccessorImpl.invoke0(Native Method)
	at sun.reflect.NativeMethodAccessorImpl.invoke(Unknown Source)
	at sun.reflect.DelegatingMethodAccessorImpl.invoke(Unknown Source)
	at java.lang.reflect.Method.invoke(Unknown Source)
	at org.testng.internal.MethodInvocationHelper.invokeMethod(MethodInvocationHelper.java:80)
	at org.testng.internal.Invoker.invokeMethod(Invoker.java:702)
	at org.testng.internal.Invoker.invokeTestMethod(Invoker.java:894)
	at org.testng.internal.Invoker.invokeTestMethods(Invoker.java:1219)
	at org.testng.internal.TestMethodWorker.invokeTestMethods(TestMethodWorker.java:127)
	at org.testng.internal.TestMethodWorker.run(TestMethodWorker.java:111)
	at org.testng.TestRunner.privateRun(TestRunner.java:768)
	at org.testng.TestRunner.run(TestRunner.java:617)
	at org.testng.SuiteRunner.runTest(SuiteRunner.java:334)
	at org.testng.SuiteRunner.runSequentially(SuiteRunner.java:329)
	at org.testng.SuiteRunner.privateRun(SuiteRunner.java:291)
	at org.testng.SuiteRunner.run(SuiteRunner.java:240)
	at org.testng.SuiteRunnerWorker.runSuite(SuiteRunnerWorker.java:53)
	at org.testng.SuiteRunnerWorker.run(SuiteRunnerWorker.java:87)
	at org.testng.TestNG.runSuitesSequentially(TestNG.java:1185)
	at org.testng.TestNG.runSuitesLocally(TestNG.java:1110)
	at org.testng.TestNG.run(TestNG.java:1022)
	at org.testng.remote.RemoteTestNG.run(RemoteTestNG.java:109)
	at org.testng.remote.RemoteTestNG.initAndRun(RemoteTestNG.java:202)
	at org.testng.remote.RemoteTestNG.main(RemoteTestNG.java:173)
]]>
    </failure>
  </testcase> <!-- testReturnsGenericArray -->
  <testcase name="testNestedTypeParameters" time="0.018" classname="org.gdejohn.similitude.ClonerTest">
    <error type="java.lang.AssertionError" message="Test didn&#039;t complete normally.">
      <![CDATA[java.lang.AssertionError: Test didn't complete normally.
	at org.testng.Assert.fail(Assert.java:78)
	at org.gdejohn.similitude.ClonerTest.testNestedTypeParameters(ClonerTest.java:1076)
	at sun.reflect.NativeMethodAccessorImpl.invoke0(Native Method)
	at sun.reflect.NativeMethodAccessorImpl.invoke(Unknown Source)
	at sun.reflect.DelegatingMethodAccessorImpl.invoke(Unknown Source)
	at java.lang.reflect.Method.invoke(Unknown Source)
	at org.testng.internal.MethodInvocationHelper.invokeMethod(MethodInvocationHelper.java:80)
	at org.testng.internal.Invoker.invokeMethod(Invoker.java:702)
	at org.testng.internal.Invoker.invokeTestMethod(Invoker.java:894)
	at org.testng.internal.Invoker.invokeTestMethods(Invoker.java:1219)
	at org.testng.internal.TestMethodWorker.invokeTestMethods(TestMethodWorker.java:127)
	at org.testng.internal.TestMethodWorker.run(TestMethodWorker.java:111)
	at org.testng.TestRunner.privateRun(TestRunner.java:768)
	at org.testng.TestRunner.run(TestRunner.java:617)
	at org.testng.SuiteRunner.runTest(SuiteRunner.java:334)
	at org.testng.SuiteRunner.runSequentially(SuiteRunner.java:329)
	at org.testng.SuiteRunner.privateRun(SuiteRunner.java:291)
	at org.testng.SuiteRunner.run(SuiteRunner.java:240)
	at org.testng.SuiteRunnerWorker.runSuite(SuiteRunnerWorker.java:53)
	at org.testng.SuiteRunnerWorker.run(SuiteRunnerWorker.java:87)
	at org.testng.TestNG.runSuitesSequentially(TestNG.java:1185)
	at org.testng.TestNG.runSuitesLocally(TestNG.java:1110)
	at org.testng.TestNG.run(TestNG.java:1022)
	at org.testng.remote.RemoteTestNG.run(RemoteTestNG.java:109)
	at org.testng.remote.RemoteTestNG.initAndRun(RemoteTestNG.java:202)
	at org.testng.remote.RemoteTestNG.main(RemoteTestNG.java:173)
Caused by: org.gdejohn.similitude.CloningFailedException: Couldn't instantiate class InterfaceParam.
	at org.gdejohn.similitude.Cloner.toClone(Cloner.java:369)
	at org.gdejohn.similitude.Cloner.toClone(Cloner.java:461)
	at org.gdejohn.similitude.ClonerTest.testNestedTypeParameters(ClonerTest.java:1069)
	... 24 more
Caused by: org.gdejohn.similitude.InstantiationFailedException: No working constructor was found for class InterfaceParam.
	at org.gdejohn.similitude.Builder.instantiate(Builder.java:543)
	at org.gdejohn.similitude.Cloner.toClone(Cloner.java:358)
	... 26 more
]]>
    </error>
  </testcase> <!-- testNestedTypeParameters -->
  <testcase name="testDouble" time="0.002" classname="org.gdejohn.similitude.ClonerTest"/>
  <testcase name="testCovariantArrays" time="0.004" classname="org.gdejohn.similitude.ClonerTest"/>
  <testcase name="testChar" time="0.003" classname="org.gdejohn.similitude.ClonerTest"/>
  <testcase name="testEnclosingGeneric" time="0.030" classname="org.gdejohn.similitude.ClonerTest">
    <error type="java.lang.AssertionError" message="expected:&lt;ClonerTest.Enclosing&lt;String&gt;.Nested.DoubleNested&gt; but was:&lt;DoubleNested&gt;">
      <![CDATA[java.lang.AssertionError: expected:<ClonerTest.Enclosing<String>.Nested.DoubleNested> but was:<DoubleNested>
	at org.testng.Assert.fail(Assert.java:89)
	at org.testng.Assert.failNotEquals(Assert.java:489)
	at org.testng.Assert.assertEquals(Assert.java:118)
	at org.testng.Assert.assertEquals(Assert.java:171)
	at org.testng.Assert.assertEquals(Assert.java:181)
	at org.gdejohn.similitude.ClonerTest.testEnclosingGeneric(ClonerTest.java:120)
	at sun.reflect.NativeMethodAccessorImpl.invoke0(Native Method)
	at sun.reflect.NativeMethodAccessorImpl.invoke(Unknown Source)
	at sun.reflect.DelegatingMethodAccessorImpl.invoke(Unknown Source)
	at java.lang.reflect.Method.invoke(Unknown Source)
	at org.testng.internal.MethodInvocationHelper.invokeMethod(MethodInvocationHelper.java:80)
	at org.testng.internal.Invoker.invokeMethod(Invoker.java:702)
	at org.testng.internal.Invoker.invokeTestMethod(Invoker.java:894)
	at org.testng.internal.Invoker.invokeTestMethods(Invoker.java:1219)
	at org.testng.internal.TestMethodWorker.invokeTestMethods(TestMethodWorker.java:127)
	at org.testng.internal.TestMethodWorker.run(TestMethodWorker.java:111)
	at org.testng.TestRunner.privateRun(TestRunner.java:768)
	at org.testng.TestRunner.run(TestRunner.java:617)
	at org.testng.SuiteRunner.runTest(SuiteRunner.java:334)
	at org.testng.SuiteRunner.runSequentially(SuiteRunner.java:329)
	at org.testng.SuiteRunner.privateRun(SuiteRunner.java:291)
	at org.testng.SuiteRunner.run(SuiteRunner.java:240)
	at org.testng.SuiteRunnerWorker.runSuite(SuiteRunnerWorker.java:53)
	at org.testng.SuiteRunnerWorker.run(SuiteRunnerWorker.java:87)
	at org.testng.TestNG.runSuitesSequentially(TestNG.java:1185)
	at org.testng.TestNG.runSuitesLocally(TestNG.java:1110)
	at org.testng.TestNG.run(TestNG.java:1022)
	at org.testng.remote.RemoteTestNG.run(RemoteTestNG.java:109)
	at org.testng.remote.RemoteTestNG.initAndRun(RemoteTestNG.java:202)
	at org.testng.remote.RemoteTestNG.main(RemoteTestNG.java:173)
]]>
    </error>
  </testcase> <!-- testEnclosingGeneric -->
  <testcase name="testByteWrapper" time="0.001" classname="org.gdejohn.similitude.ClonerTest"/>
  <testcase name="testLong" time="0.002" classname="org.gdejohn.similitude.ClonerTest"/>
  <testcase name="testFieldInEnclosingClass" time="0.011" classname="org.gdejohn.similitude.ClonerTest"/>
  <testcase name="testBooleanWrapper" time="0.001" classname="org.gdejohn.similitude.ClonerTest"/>
  <testcase name="testMultidimensionalArray" time="0.012" classname="org.gdejohn.similitude.ClonerTest"/>
  <testcase name="testVarargsInterface" time="0.005" classname="org.gdejohn.similitude.ClonerTest">
    <failure type="org.gdejohn.similitude.InstantiationFailedException" message="No working constructor was found for class Test2.">
      <![CDATA[org.gdejohn.similitude.InstantiationFailedException: No working constructor was found for class Test2.
	at org.gdejohn.similitude.Builder.instantiate(Builder.java:543)
	at org.gdejohn.similitude.Builder.instantiate(Builder.java:571)
	at org.gdejohn.similitude.ClonerTest.testVarargsInterface(ClonerTest.java:1253)
	at sun.reflect.NativeMethodAccessorImpl.invoke0(Native Method)
	at sun.reflect.NativeMethodAccessorImpl.invoke(Unknown Source)
	at sun.reflect.DelegatingMethodAccessorImpl.invoke(Unknown Source)
	at java.lang.reflect.Method.invoke(Unknown Source)
	at org.testng.internal.MethodInvocationHelper.invokeMethod(MethodInvocationHelper.java:80)
	at org.testng.internal.Invoker.invokeMethod(Invoker.java:702)
	at org.testng.internal.Invoker.invokeTestMethod(Invoker.java:894)
	at org.testng.internal.Invoker.invokeTestMethods(Invoker.java:1219)
	at org.testng.internal.TestMethodWorker.invokeTestMethods(TestMethodWorker.java:127)
	at org.testng.internal.TestMethodWorker.run(TestMethodWorker.java:111)
	at org.testng.TestRunner.privateRun(TestRunner.java:768)
	at org.testng.TestRunner.run(TestRunner.java:617)
	at org.testng.SuiteRunner.runTest(SuiteRunner.java:334)
	at org.testng.SuiteRunner.runSequentially(SuiteRunner.java:329)
	at org.testng.SuiteRunner.privateRun(SuiteRunner.java:291)
	at org.testng.SuiteRunner.run(SuiteRunner.java:240)
	at org.testng.SuiteRunnerWorker.runSuite(SuiteRunnerWorker.java:53)
	at org.testng.SuiteRunnerWorker.run(SuiteRunnerWorker.java:87)
	at org.testng.TestNG.runSuitesSequentially(TestNG.java:1185)
	at org.testng.TestNG.runSuitesLocally(TestNG.java:1110)
	at org.testng.TestNG.run(TestNG.java:1022)
	at org.testng.remote.RemoteTestNG.run(RemoteTestNG.java:109)
	at org.testng.remote.RemoteTestNG.initAndRun(RemoteTestNG.java:202)
	at org.testng.remote.RemoteTestNG.main(RemoteTestNG.java:173)
]]>
    </failure>
  </testcase> <!-- testVarargsInterface -->
  <testcase name="testInt" time="0.002" classname="org.gdejohn.similitude.ClonerTest"/>
  <testcase name="testFloat" time="0.001" classname="org.gdejohn.similitude.ClonerTest"/>
  <testcase name="testInheritedField" time="0.004" classname="org.gdejohn.similitude.ClonerTest"/>
  <testcase name="testCharWrapper" time="0.002" classname="org.gdejohn.similitude.ClonerTest"/>
  <testcase name="testParameterizedReturnType" time="0.004" classname="org.gdejohn.similitude.ClonerTest">
    <error type="java.lang.AssertionError" message="Failed.">
      <![CDATA[java.lang.AssertionError: Failed.
	at org.testng.Assert.fail(Assert.java:78)
	at org.gdejohn.similitude.ClonerTest.testParameterizedReturnType(ClonerTest.java:1154)
	at sun.reflect.NativeMethodAccessorImpl.invoke0(Native Method)
	at sun.reflect.NativeMethodAccessorImpl.invoke(Unknown Source)
	at sun.reflect.DelegatingMethodAccessorImpl.invoke(Unknown Source)
	at java.lang.reflect.Method.invoke(Unknown Source)
	at org.testng.internal.MethodInvocationHelper.invokeMethod(MethodInvocationHelper.java:80)
	at org.testng.internal.Invoker.invokeMethod(Invoker.java:702)
	at org.testng.internal.Invoker.invokeTestMethod(Invoker.java:894)
	at org.testng.internal.Invoker.invokeTestMethods(Invoker.java:1219)
	at org.testng.internal.TestMethodWorker.invokeTestMethods(TestMethodWorker.java:127)
	at org.testng.internal.TestMethodWorker.run(TestMethodWorker.java:111)
	at org.testng.TestRunner.privateRun(TestRunner.java:768)
	at org.testng.TestRunner.run(TestRunner.java:617)
	at org.testng.SuiteRunner.runTest(SuiteRunner.java:334)
	at org.testng.SuiteRunner.runSequentially(SuiteRunner.java:329)
	at org.testng.SuiteRunner.privateRun(SuiteRunner.java:291)
	at org.testng.SuiteRunner.run(SuiteRunner.java:240)
	at org.testng.SuiteRunnerWorker.runSuite(SuiteRunnerWorker.java:53)
	at org.testng.SuiteRunnerWorker.run(SuiteRunnerWorker.java:87)
	at org.testng.TestNG.runSuitesSequentially(TestNG.java:1185)
	at org.testng.TestNG.runSuitesLocally(TestNG.java:1110)
	at org.testng.TestNG.run(TestNG.java:1022)
	at org.testng.remote.RemoteTestNG.run(RemoteTestNG.java:109)
	at org.testng.remote.RemoteTestNG.initAndRun(RemoteTestNG.java:202)
	at org.testng.remote.RemoteTestNG.main(RemoteTestNG.java:173)
Caused by: org.gdejohn.similitude.InstantiationFailedException: No working constructor was found for class Test5.
	at org.gdejohn.similitude.Builder.instantiate(Builder.java:543)
	at org.gdejohn.similitude.Builder.instantiate(Builder.java:571)
	at org.gdejohn.similitude.ClonerTest.testParameterizedReturnType(ClonerTest.java:1150)
	... 24 more
]]>
    </error>
  </testcase> <!-- testParameterizedReturnType -->
  <testcase name="testEnum" time="0.001" classname="org.gdejohn.similitude.ClonerTest"/>
  <testcase name="testInterface" time="0.001" classname="org.gdejohn.similitude.ClonerTest">
    <failure type="java.lang.NullPointerException">
      <![CDATA[java.lang.NullPointerException
	at org.gdejohn.similitude.TypeToken.typeOf(TypeToken.java:321)
	at org.gdejohn.similitude.TypeToken.typeOf(TypeToken.java:96)
	at org.gdejohn.similitude.TypeToken.typeOf(TypeToken.java:106)
	at org.gdejohn.similitude.TypeToken.typeOf(TypeToken.java:111)
	at org.gdejohn.similitude.Builder.instantiate(Builder.java:571)
	at org.gdejohn.similitude.ClonerTest.testInterface(ClonerTest.java:949)
	at sun.reflect.NativeMethodAccessorImpl.invoke0(Native Method)
	at sun.reflect.NativeMethodAccessorImpl.invoke(Unknown Source)
	at sun.reflect.DelegatingMethodAccessorImpl.invoke(Unknown Source)
	at java.lang.reflect.Method.invoke(Unknown Source)
	at org.testng.internal.MethodInvocationHelper.invokeMethod(MethodInvocationHelper.java:80)
	at org.testng.internal.Invoker.invokeMethod(Invoker.java:702)
	at org.testng.internal.Invoker.invokeTestMethod(Invoker.java:894)
	at org.testng.internal.Invoker.invokeTestMethods(Invoker.java:1219)
	at org.testng.internal.TestMethodWorker.invokeTestMethods(TestMethodWorker.java:127)
	at org.testng.internal.TestMethodWorker.run(TestMethodWorker.java:111)
	at org.testng.TestRunner.privateRun(TestRunner.java:768)
	at org.testng.TestRunner.run(TestRunner.java:617)
	at org.testng.SuiteRunner.runTest(SuiteRunner.java:334)
	at org.testng.SuiteRunner.runSequentially(SuiteRunner.java:329)
	at org.testng.SuiteRunner.privateRun(SuiteRunner.java:291)
	at org.testng.SuiteRunner.run(SuiteRunner.java:240)
	at org.testng.SuiteRunnerWorker.runSuite(SuiteRunnerWorker.java:53)
	at org.testng.SuiteRunnerWorker.run(SuiteRunnerWorker.java:87)
	at org.testng.TestNG.runSuitesSequentially(TestNG.java:1185)
	at org.testng.TestNG.runSuitesLocally(TestNG.java:1110)
	at org.testng.TestNG.run(TestNG.java:1022)
	at org.testng.remote.RemoteTestNG.run(RemoteTestNG.java:109)
	at org.testng.remote.RemoteTestNG.initAndRun(RemoteTestNG.java:202)
	at org.testng.remote.RemoteTestNG.main(RemoteTestNG.java:173)
]]>
    </failure>
  </testcase> <!-- testInterface -->
  <testcase name="testListOfStrings" time="0.003" classname="org.gdejohn.similitude.ClonerTest">
    <failure type="java.lang.RuntimeException" message="Type argument couldn&#039;t be determined.">
      <![CDATA[java.lang.RuntimeException: Type argument couldn't be determined.
	at org.gdejohn.similitude.TypeToken.typeOf(TypeToken.java:348)
	at org.gdejohn.similitude.TypeToken.typeOf(TypeToken.java:96)
	at org.gdejohn.similitude.TypeToken.typeOf(TypeToken.java:157)
	at org.gdejohn.similitude.Cloner.toClone(Cloner.java:249)
	at org.gdejohn.similitude.Cloner.toClone(Cloner.java:461)
	at org.gdejohn.similitude.ClonerTest.testListOfStrings(ClonerTest.java:958)
	at sun.reflect.NativeMethodAccessorImpl.invoke0(Native Method)
	at sun.reflect.NativeMethodAccessorImpl.invoke(Unknown Source)
	at sun.reflect.DelegatingMethodAccessorImpl.invoke(Unknown Source)
	at java.lang.reflect.Method.invoke(Unknown Source)
	at org.testng.internal.MethodInvocationHelper.invokeMethod(MethodInvocationHelper.java:80)
	at org.testng.internal.Invoker.invokeMethod(Invoker.java:702)
	at org.testng.internal.Invoker.invokeTestMethod(Invoker.java:894)
	at org.testng.internal.Invoker.invokeTestMethods(Invoker.java:1219)
	at org.testng.internal.TestMethodWorker.invokeTestMethods(TestMethodWorker.java:127)
	at org.testng.internal.TestMethodWorker.run(TestMethodWorker.java:111)
	at org.testng.TestRunner.privateRun(TestRunner.java:768)
	at org.testng.TestRunner.run(TestRunner.java:617)
	at org.testng.SuiteRunner.runTest(SuiteRunner.java:334)
	at org.testng.SuiteRunner.runSequentially(SuiteRunner.java:329)
	at org.testng.SuiteRunner.privateRun(SuiteRunner.java:291)
	at org.testng.SuiteRunner.run(SuiteRunner.java:240)
	at org.testng.SuiteRunnerWorker.runSuite(SuiteRunnerWorker.java:53)
	at org.testng.SuiteRunnerWorker.run(SuiteRunnerWorker.java:87)
	at org.testng.TestNG.runSuitesSequentially(TestNG.java:1185)
	at org.testng.TestNG.runSuitesLocally(TestNG.java:1110)
	at org.testng.TestNG.run(TestNG.java:1022)
	at org.testng.remote.RemoteTestNG.run(RemoteTestNG.java:109)
	at org.testng.remote.RemoteTestNG.initAndRun(RemoteTestNG.java:202)
	at org.testng.remote.RemoteTestNG.main(RemoteTestNG.java:173)
]]>
    </failure>
  </testcase> <!-- testListOfStrings -->
  <testcase name="testFailToInstantiateConstructorArg" time="0.006" classname="org.gdejohn.similitude.ClonerTest"/>
  <testcase name="testInnerClass" time="0.008" classname="org.gdejohn.similitude.ClonerTest"/>
  <testcase name="testGenericInterface" time="0.167" classname="org.gdejohn.similitude.ClonerTest">
    <error type="java.lang.AssertionError" message="Test didn&#039;t complete normally.">
      <![CDATA[java.lang.AssertionError: Test didn't complete normally.
	at org.testng.Assert.fail(Assert.java:78)
	at org.gdejohn.similitude.ClonerTest.testGenericInterface(ClonerTest.java:1057)
	at sun.reflect.NativeMethodAccessorImpl.invoke0(Native Method)
	at sun.reflect.NativeMethodAccessorImpl.invoke(Unknown Source)
	at sun.reflect.DelegatingMethodAccessorImpl.invoke(Unknown Source)
	at java.lang.reflect.Method.invoke(Unknown Source)
	at org.testng.internal.MethodInvocationHelper.invokeMethod(MethodInvocationHelper.java:80)
	at org.testng.internal.Invoker.invokeMethod(Invoker.java:702)
	at org.testng.internal.Invoker.invokeTestMethod(Invoker.java:894)
	at org.testng.internal.Invoker.invokeTestMethods(Invoker.java:1219)
	at org.testng.internal.TestMethodWorker.invokeTestMethods(TestMethodWorker.java:127)
	at org.testng.internal.TestMethodWorker.run(TestMethodWorker.java:111)
	at org.testng.TestRunner.privateRun(TestRunner.java:768)
	at org.testng.TestRunner.run(TestRunner.java:617)
	at org.testng.SuiteRunner.runTest(SuiteRunner.java:334)
	at org.testng.SuiteRunner.runSequentially(SuiteRunner.java:329)
	at org.testng.SuiteRunner.privateRun(SuiteRunner.java:291)
	at org.testng.SuiteRunner.run(SuiteRunner.java:240)
	at org.testng.SuiteRunnerWorker.runSuite(SuiteRunnerWorker.java:53)
	at org.testng.SuiteRunnerWorker.run(SuiteRunnerWorker.java:87)
	at org.testng.TestNG.runSuitesSequentially(TestNG.java:1185)
	at org.testng.TestNG.runSuitesLocally(TestNG.java:1110)
	at org.testng.TestNG.run(TestNG.java:1022)
	at org.testng.remote.RemoteTestNG.run(RemoteTestNG.java:109)
	at org.testng.remote.RemoteTestNG.initAndRun(RemoteTestNG.java:202)
	at org.testng.remote.RemoteTestNG.main(RemoteTestNG.java:173)
Caused by: org.gdejohn.similitude.CloningFailedException: Couldn't instantiate class InterfaceParam.
	at org.gdejohn.similitude.Cloner.toClone(Cloner.java:369)
	at org.gdejohn.similitude.Cloner.toClone(Cloner.java:461)
	at org.gdejohn.similitude.ClonerTest.testGenericInterface(ClonerTest.java:1050)
	... 24 more
Caused by: org.gdejohn.similitude.InstantiationFailedException: No working constructor was found for class InterfaceParam.
	at org.gdejohn.similitude.Builder.instantiate(Builder.java:543)
	at org.gdejohn.similitude.Cloner.toClone(Cloner.java:358)
	... 26 more
]]>
    </error>
  </testcase> <!-- testGenericInterface -->
  <testcase name="testRegisteredImmutable" time="0.002" classname="org.gdejohn.similitude.ClonerTest"/>
  <testcase name="testParameterizedByTypeVariable" time="0.007" classname="org.gdejohn.similitude.ClonerTest">
    <error type="java.lang.AssertionError" message="Failed.">
      <![CDATA[java.lang.AssertionError: Failed.
	at org.testng.Assert.fail(Assert.java:78)
	at org.gdejohn.similitude.ClonerTest.testParameterizedByTypeVariable(ClonerTest.java:1118)
	at sun.reflect.NativeMethodAccessorImpl.invoke0(Native Method)
	at sun.reflect.NativeMethodAccessorImpl.invoke(Unknown Source)
	at sun.reflect.DelegatingMethodAccessorImpl.invoke(Unknown Source)
	at java.lang.reflect.Method.invoke(Unknown Source)
	at org.testng.internal.MethodInvocationHelper.invokeMethod(MethodInvocationHelper.java:80)
	at org.testng.internal.Invoker.invokeMethod(Invoker.java:702)
	at org.testng.internal.Invoker.invokeTestMethod(Invoker.java:894)
	at org.testng.internal.Invoker.invokeTestMethods(Invoker.java:1219)
	at org.testng.internal.TestMethodWorker.invokeTestMethods(TestMethodWorker.java:127)
	at org.testng.internal.TestMethodWorker.run(TestMethodWorker.java:111)
	at org.testng.TestRunner.privateRun(TestRunner.java:768)
	at org.testng.TestRunner.run(TestRunner.java:617)
	at org.testng.SuiteRunner.runTest(SuiteRunner.java:334)
	at org.testng.SuiteRunner.runSequentially(SuiteRunner.java:329)
	at org.testng.SuiteRunner.privateRun(SuiteRunner.java:291)
	at org.testng.SuiteRunner.run(SuiteRunner.java:240)
	at org.testng.SuiteRunnerWorker.runSuite(SuiteRunnerWorker.java:53)
	at org.testng.SuiteRunnerWorker.run(SuiteRunnerWorker.java:87)
	at org.testng.TestNG.runSuitesSequentially(TestNG.java:1185)
	at org.testng.TestNG.runSuitesLocally(TestNG.java:1110)
	at org.testng.TestNG.run(TestNG.java:1022)
	at org.testng.remote.RemoteTestNG.run(RemoteTestNG.java:109)
	at org.testng.remote.RemoteTestNG.initAndRun(RemoteTestNG.java:202)
	at org.testng.remote.RemoteTestNG.main(RemoteTestNG.java:173)
Caused by: org.gdejohn.similitude.InstantiationFailedException: No working constructor was found for class Bar.
	at org.gdejohn.similitude.Builder.instantiate(Builder.java:543)
	at org.gdejohn.similitude.Builder.instantiate(Builder.java:571)
	at org.gdejohn.similitude.ClonerTest.testParameterizedByTypeVariable(ClonerTest.java:1114)
	... 24 more
]]>
    </error>
  </testcase> <!-- testParameterizedByTypeVariable -->
  <testcase name="testAddDefaultSubclass" time="0.166" classname="org.gdejohn.similitude.ClonerTest"/>
  <testcase name="testDoubleWrapper" time="0.002" classname="org.gdejohn.similitude.ClonerTest"/>
  <testcase name="testShortWrapper" time="0.001" classname="org.gdejohn.similitude.ClonerTest"/>
  <testcase name="testString" time="0.001" classname="org.gdejohn.similitude.ClonerTest"/>
  <testcase name="testShort" time="0.001" classname="org.gdejohn.similitude.ClonerTest"/>
  <testcase name="testLongWrapper" time="0.002" classname="org.gdejohn.similitude.ClonerTest"/>
  <testcase name="testPrimitiveArray" time="0.001" classname="org.gdejohn.similitude.ClonerTest"/>
  <testcase name="testStringBuilder" time="0.014" classname="org.gdejohn.similitude.ClonerTest"/>
  <testcase name="testTypeToken" time="0.003" classname="org.gdejohn.similitude.ClonerTest"/>
  <testcase name="testArrayContainingItself" time="0.004" classname="org.gdejohn.similitude.ClonerTest"/>
  <testcase name="testNull" time="0.001" classname="org.gdejohn.similitude.ClonerTest"/>
  <testcase name="testFloatWrapper" time="0.001" classname="org.gdejohn.similitude.ClonerTest"/>
</testsuite> <!-- org.gdejohn.similitude.ClonerTest -->
