<?xml version="1.0" encoding="UTF-8"?>
<!-- Generated by org.testng.reporters.JUnitReportReporter -->
<testsuite hostname="compy-386" name="org.gdejohn.similitude.TypeTokenTest" tests="28" failures="0" timestamp="19 May 2012 00:45:25 GMT" time="0.177" errors="0">
  <testcase name="nonGenericInterfaces" time="0.002" classname="org.gdejohn.similitude.TypeTokenTest"/>
  <testcase name="linkedList" time="0.012" classname="org.gdejohn.similitude.TypeTokenTest"/>
  <testcase name="superTypeToken" time="0.002" classname="org.gdejohn.similitude.TypeTokenTest"/>
  <testcase name="stackOverflow" time="0.039" classname="org.gdejohn.similitude.TypeTokenTest"/>
  <testcase name="commonSuperType" time="0.006" classname="org.gdejohn.similitude.TypeTokenTest"/>
  <testcase name="instanceOfRecursivelyDefinedType" time="0.006" classname="org.gdejohn.similitude.TypeTokenTest"/>
  <testcase name="array" time="0.017" classname="org.gdejohn.similitude.TypeTokenTest"/>
  <testcase name="enumType" time="0.003" classname="org.gdejohn.similitude.TypeTokenTest"/>
  <testcase name="genericArrayType" time="0.005" classname="org.gdejohn.similitude.TypeTokenTest"/>
  <testcase name="parameterizedType" time="0.004" classname="org.gdejohn.similitude.TypeTokenTest"/>
  <testcase name="multipleParameterizations" time="0.006" classname="org.gdejohn.similitude.TypeTokenTest"/>
  <testcase name="genericEnclosingType" time="0.005" classname="org.gdejohn.similitude.TypeTokenTest"/>
  <testcase name="instanceOfTopLevelGenericType" time="0.007" classname="org.gdejohn.similitude.TypeTokenTest"/>
  <testcase name="nonGenericTypeToString" time="0.001" classname="org.gdejohn.similitude.TypeTokenTest"/>
  <testcase name="wildcardType" time="0.005" classname="org.gdejohn.similitude.TypeTokenTest"/>
  <testcase name="inheritedFields" time="0.004" classname="org.gdejohn.similitude.TypeTokenTest"/>
  <testcase name="instanceOfNonGenericType" time="0.002" classname="org.gdejohn.similitude.TypeTokenTest"/>
  <testcase name="nonGenericObject" time="0.002" classname="org.gdejohn.similitude.TypeTokenTest"/>
  <testcase name="nonGenericType" time="0.001" classname="org.gdejohn.similitude.TypeTokenTest"/>
  <testcase name="genericSuperType" time="0.006" classname="org.gdejohn.similitude.TypeTokenTest"/>
  <testcase name="privateConstructor" time="0.003" classname="org.gdejohn.similitude.TypeTokenTest"/>
  <testcase name="nonGenericEquality" time="0.002" classname="org.gdejohn.similitude.TypeTokenTest"/>
  <testcase name="genericMethodReturnType" time="0.005" classname="org.gdejohn.similitude.TypeTokenTest"/>
  <testcase name="nonGenericSuperType" time="0.002" classname="org.gdejohn.similitude.TypeTokenTest"/>
  <testcase name="treeMap" time="0.015" classname="org.gdejohn.similitude.TypeTokenTest"/>
  <testcase name="genericArrayField" time="0.006" classname="org.gdejohn.similitude.TypeTokenTest"/>
  <testcase name="recursiveGenericInterface" time="0.002" classname="org.gdejohn.similitude.TypeTokenTest"/>
  <testcase name="instanceOfGenericType" time="0.007" classname="org.gdejohn.similitude.TypeTokenTest"/>
</testsuite> <!-- org.gdejohn.similitude.TypeTokenTest -->
