<?xml version="1.0" encoding="UTF-8"?>
<!-- Generated by org.testng.reporters.JUnitReportReporter -->
<testsuite hostname="compy-386" name="org.gdejohn.similitude.ClonerTest" tests="7" failures="0" timestamp="5 May 2012 16:42:22 GMT" time="0.162" errors="0">
  <testcase name="enumType" time="0.002" classname="org.gdejohn.similitude.ClonerTest"/>
  <testcase name="primitiveArray" time="0.004" classname="org.gdejohn.similitude.ClonerTest"/>
  <testcase name="selfReferentialArray" time="0.001" classname="org.gdejohn.similitude.ClonerTest"/>
  <testcase name="baseCases" time="0.093" classname="org.gdejohn.similitude.ClonerTest"/>
  <testcase name="stringBuilder" time="0.010" classname="org.gdejohn.similitude.ClonerTest"/>
  <testcase name="covariantArrays" time="0.048" classname="org.gdejohn.similitude.ClonerTest"/>
  <testcase name="multidimensionalArray" time="0.004" classname="org.gdejohn.similitude.ClonerTest"/>
</testsuite> <!-- org.gdejohn.similitude.ClonerTest -->
