<?xml version="1.0" encoding="UTF-8"?>
<!-- Generated by org.testng.reporters.JUnitReportReporter -->
<testsuite hostname="compy-386" name="org.gdejohn.similitude.TypeTokenTest" tests="4" failures="0" timestamp="25 Apr 2012 00:14:10 GMT" time="0.049" errors="0">
  <testcase name="testNonGenericTokenEquality" time="0.017" classname="org.gdejohn.similitude.TypeTokenTest"/>
  <testcase name="testNonGenericObject" time="0.026" classname="org.gdejohn.similitude.TypeTokenTest"/>
  <testcase name="testNonGenericTypeToString" time="0.003" classname="org.gdejohn.similitude.TypeTokenTest"/>
  <testcase name="testNonGenericType" time="0.003" classname="org.gdejohn.similitude.TypeTokenTest"/>
</testsuite> <!-- org.gdejohn.similitude.TypeTokenTest -->
